# Bravais Lattice Basis
  0.00000000000000 -0.50000000000000  1.00000000000000
 -0.50000000000000  0.00000000000000  1.00000000000000
  0.50000000000000  0.50000000000000  0.00000000000000
# Spin axis
  0.00000000000000  0.00000000000000  0.00000000000000       l
# sites
     4
  0.00000000000000  0.00000000000000  0.00000000000000    28  l up
  0.00000000000000  0.00000000000000  0.50000000000000    28  l dn
  0.50000000000000  0.50000000000000  0.25000000000000     8  l a
  0.50000000000000  0.50000000000000 -0.25000000000000     8  l a
# data vectors
  0.00000000000000  0.00000000000000  0.00000000000000    28  l up
  0.00000000000000  0.00000000000000  0.50000000000000    28  l dn
  0.50000000000000  0.50000000000000  0.25000000000000     8  l a
  0.50000000000000  0.50000000000000 -0.25000000000000     8  l a

 spins = 1
 normalized spin axis (Wyckoff coordinates):
  0.00000000000000  0.00000000000000  0.00000000000000
 Hoholedry (cartesian coordinates):  4 elements
                        P

    0:  1.00000000  .000000000  .000000000
        .000000000  1.00000000  .000000000
        .000000000  .000000000  1.00000000

    1:  .000000000  1.00000000  .000000000
        1.00000000  .000000000  .000000000
        .000000000  .000000000  1.00000000

    2: -1.00000000  .000000000  .000000000
        .000000000 -1.00000000  .000000000
        .000000000  .000000000 -1.00000000

    3:  .000000000 -1.00000000  .000000000
       -1.00000000  .000000000  .000000000
        .000000000  .000000000 -1.00000000
 Hoholedry (lattice coordinates):  4 elements
               P

    0:     1     0     0
           0     1     0
           0     0     1

    1:     0     1     0
           1     0     0
           0     0     1

    2:    -1     0     0
           0    -1     0
           0     0    -1

    3:     0    -1     0
          -1     0     0
           0     0    -1

 Preserve unit cell: order =  4
 group order: 4
 group in lattice coordinates:
               P

    0:     1     0     0
           0     1     0
           0     0     1

    1:     0     1     0
           1     0     0
           0     0     1

    2:    -1     0     0
           0    -1     0
           0     0    -1

    3:     0    -1     0
          -1     0     0
           0     0    -1

 group in cartesian coordinates:
                        P

    0:  1.00000000  .000000000  .000000000
        .000000000  1.00000000  .000000000
        .000000000  .000000000  1.00000000

    1:  .000000000  1.00000000  .000000000
        1.00000000  .000000000  .000000000
        .000000000  .000000000  1.00000000

    2: -1.00000000  .000000000  .000000000
        .000000000 -1.00000000  .000000000
        .000000000  .000000000 -1.00000000

    3:  .000000000 -1.00000000  .000000000
       -1.00000000  .000000000  .000000000
        .000000000  .000000000 -1.00000000

 Types:     3
 in Wyckoff coordinates:
  type  site                 1                 2                 3    label   rot
     0     0  0.00000000000000  0.00000000000000  0.00000000000000    28 up     0
     1     1  0.00000000000000  0.00000000000000  0.50000000000000    28 dn     0
     2     2  0.50000000000000  0.50000000000000  0.25000000000000     8 a     0
           3  0.50000000000000  0.50000000000000 -0.25000000000000     8 a     1
 group elements by axis and angle
  P           x           y           z  (2 pi)/ang   inv
  0  0.00000000  0.00000000  1.00000000           1     1
  1  0.70710678 -0.70710678  0.00000000          -2     1
  2  0.00000000  0.00000000  1.00000000           1    -1
  3  0.70710678 -0.70710678  0.00000000          -2    -1
 for type: 1
 4 elements in the local group
 Euler angles:  0.00000000000000  0.00000000000000  0.00000000000000     1
               -3.14159265358979  0.00000000000000  0.00000000000000     1
                0.00000000000000  0.00000000000000  0.00000000000000    -1
               -3.14159265358979  0.00000000000000  0.00000000000000    -1
 0 representations for L = 1
 3 representations for L = 2
 0 representations for L = 3
 5 representations for L = 4
 0 representations for L = 5
 7 representations for L = 6
 0 representations for L = 7
 9 representations for L = 8
 for type: 2
 4 elements in the local group
 Euler angles:  0.00000000000000  0.00000000000000  0.00000000000000     1
               -3.14159265358979  0.00000000000000  0.00000000000000     1
                0.00000000000000  0.00000000000000  0.00000000000000    -1
               -3.14159265358979  0.00000000000000  0.00000000000000    -1
 0 representations for L = 1
 3 representations for L = 2
 0 representations for L = 3
 5 representations for L = 4
 0 representations for L = 5
 7 representations for L = 6
 0 representations for L = 7
 9 representations for L = 8
 for type: 3
 2 elements in the local group
 Euler angles:  0.00000000000000  0.00000000000000  0.00000000000000     1
               -3.14159265358979  0.00000000000000  0.00000000000000    -1
 2 representations for L = 1
 3 representations for L = 2
 4 representations for L = 3
 5 representations for L = 4
 6 representations for L = 5
 7 representations for L = 6
 8 representations for L = 7
 9 representations for L = 8

Nearest neighbor table
 type1 type2    distance
   1     3     0.50000000  
         1     0.70710678  
         3     0.86602540  
         2     1.00000000  
   2     3     0.50000000  
         1     0.70710678  
         3     0.86602540  
         1     1.00000000  
   3     1     0.50000000  
         3     0.70710678  
         1     0.86602540  
         3     1.00000000  

########################################################################
